  main.cpp
c:\users\shochu\desktop\code\locationprediction\locationprediction\main.cpp : warning C4819: 该文件包含不能在当前代码页(936)中表示的字符。请将该文件保存为 Unicode 格式以防止数据丢失
c:\users\shochu\desktop\code\locationprediction\locationprediction\user.h : warning C4819: 该文件包含不能在当前代码页(936)中表示的字符。请将该文件保存为 Unicode 格式以防止数据丢失
c:\users\shochu\desktop\code\locationprediction\locationprediction\types.h : warning C4819: 该文件包含不能在当前代码页(936)中表示的字符。请将该文件保存为 Unicode 格式以防止数据丢失
c:\users\shochu\desktop\code\locationprediction\locationprediction\types.h(34): warning C4996: 'gmtime': This function or variable may be unsafe. Consider using gmtime_s instead. To disable deprecation, use _CRT_SECURE_NO_WARNINGS. See online help for details.
  c:\program files (x86)\windows kits\10\include\10.0.17763.0\ucrt\time.h(496): note: 参见“gmtime”的声明
c:\users\shochu\desktop\code\locationprediction\locationprediction\types.h(40): warning C4996: 'gmtime': This function or variable may be unsafe. Consider using gmtime_s instead. To disable deprecation, use _CRT_SECURE_NO_WARNINGS. See online help for details.
  c:\program files (x86)\windows kits\10\include\10.0.17763.0\ucrt\time.h(496): note: 参见“gmtime”的声明
c:\users\shochu\desktop\code\locationprediction\locationprediction\markovtransfermatrix.h : warning C4819: 该文件包含不能在当前代码页(936)中表示的字符。请将该文件保存为 Unicode 格式以防止数据丢失
c:\users\shochu\desktop\code\locationprediction\locationprediction\main.cpp(70): warning C4244: “=”: 从“double”转换到“unsigned int”，可能丢失数据
c:\users\shochu\desktop\code\locationprediction\locationprediction\main.cpp(71): warning C4244: “=”: 从“double”转换到“unsigned int”，可能丢失数据
c:\users\shochu\desktop\code\locationprediction\locationprediction\main.cpp(76): warning C4244: “=”: 从“double”转换到“unsigned int”，可能丢失数据
c:\program files (x86)\microsoft visual studio\2017\community\vc\tools\msvc\14.16.27023\include\xmemory0(881): error C2280: “user::user(const user &)”: 尝试引用已删除的函数
  c:\users\shochu\desktop\code\locationprediction\locationprediction\user.h(52): note: 编译器已在此处生成“user::user”
  c:\users\shochu\desktop\code\locationprediction\locationprediction\user.h(52): note: “user::user(const user &)”: 因为 数据成员 调用已删除或不可访问的函数“markovTransferMatrix::markovTransferMatrix(const markovTransferMatrix &)”，所以已隐式删除函数
  c:\users\shochu\desktop\code\locationprediction\locationprediction\markovtransfermatrix.h(33): note: “markovTransferMatrix::markovTransferMatrix(const markovTransferMatrix &)”: 因为 数据成员 调用已删除或不可访问的函数“std::unique_ptr<float *,std::default_delete<_Ty>>::unique_ptr(const std::unique_ptr<_Ty,std::default_delete<_Ty>> &)”，所以已隐式删除函数
          with
          [
              _Ty=float *
          ]
  c:\program files (x86)\microsoft visual studio\2017\community\vc\tools\msvc\14.16.27023\include\memory(2337): note: “std::unique_ptr<float *,std::default_delete<_Ty>>::unique_ptr(const std::unique_ptr<_Ty,std::default_delete<_Ty>> &)”: 已显式删除函数
          with
          [
              _Ty=float *
          ]
  c:\program files (x86)\microsoft visual studio\2017\community\vc\tools\msvc\14.16.27023\include\vector(900): note: 参见对正在编译的函数 模板 实例化“void std::_Default_allocator_traits<_Alloc>::construct<_Ty,const _Ty&>(_Alloc &,_Objty *const ,const _Ty &)”的引用
          with
          [
              _Alloc=std::allocator<user>,
              _Ty=user,
              _Objty=user
          ]
  c:\program files (x86)\microsoft visual studio\2017\community\vc\tools\msvc\14.16.27023\include\vector(902): note: 参见对正在编译的函数 模板 实例化“void std::_Default_allocator_traits<_Alloc>::construct<_Ty,const _Ty&>(_Alloc &,_Objty *const ,const _Ty &)”的引用
          with
          [
              _Alloc=std::allocator<user>,
              _Ty=user,
              _Objty=user
          ]
  c:\program files (x86)\microsoft visual studio\2017\community\vc\tools\msvc\14.16.27023\include\vector(916): note: 参见对正在编译的函数 模板 实例化“void std::vector<user,std::allocator<_Ty>>::_Emplace_back_with_unused_capacity<const _Ty&>(const _Ty &)”的引用
          with
          [
              _Ty=user
          ]
  c:\program files (x86)\microsoft visual studio\2017\community\vc\tools\msvc\14.16.27023\include\vector(932): note: 参见对正在编译的函数 模板 实例化“void std::vector<user,std::allocator<_Ty>>::emplace_back<const _Ty&>(const _Ty &)”的引用
          with
          [
              _Ty=user
          ]
  c:\program files (x86)\microsoft visual studio\2017\community\vc\tools\msvc\14.16.27023\include\vector(931): note: 编译 类 模板 成员函数 "void std::vector<user,std::allocator<_Ty>>::push_back(const _Ty &)" 时
          with
          [
              _Ty=user
          ]
  c:\users\shochu\desktop\code\locationprediction\locationprediction\main.cpp(112): note: 参见对正在编译的函数 模板 实例化“void std::vector<user,std::allocator<_Ty>>::push_back(const _Ty &)”的引用
          with
          [
              _Ty=user
          ]
  c:\users\shochu\desktop\code\locationprediction\locationprediction\main.cpp(31): note: 参见对正在编译的 类 模板 实例化 "std::vector<user,std::allocator<_Ty>>" 的引用
          with
          [
              _Ty=user
          ]
  user.cpp
c:\users\shochu\desktop\code\locationprediction\locationprediction\user.h : warning C4819: 该文件包含不能在当前代码页(936)中表示的字符。请将该文件保存为 Unicode 格式以防止数据丢失
c:\users\shochu\desktop\code\locationprediction\locationprediction\types.h : warning C4819: 该文件包含不能在当前代码页(936)中表示的字符。请将该文件保存为 Unicode 格式以防止数据丢失
c:\users\shochu\desktop\code\locationprediction\locationprediction\types.h(34): warning C4996: 'gmtime': This function or variable may be unsafe. Consider using gmtime_s instead. To disable deprecation, use _CRT_SECURE_NO_WARNINGS. See online help for details.
  c:\program files (x86)\windows kits\10\include\10.0.17763.0\ucrt\time.h(496): note: 参见“gmtime”的声明
c:\users\shochu\desktop\code\locationprediction\locationprediction\types.h(40): warning C4996: 'gmtime': This function or variable may be unsafe. Consider using gmtime_s instead. To disable deprecation, use _CRT_SECURE_NO_WARNINGS. See online help for details.
  c:\program files (x86)\windows kits\10\include\10.0.17763.0\ucrt\time.h(496): note: 参见“gmtime”的声明
c:\users\shochu\desktop\code\locationprediction\locationprediction\markovtransfermatrix.h : warning C4819: 该文件包含不能在当前代码页(936)中表示的字符。请将该文件保存为 Unicode 格式以防止数据丢失
  正在生成代码...
